# JRE version: OpenJDK Runtime Environment (8.0_212-b04) (build 1.8.0_212-release-1586-b04)
# Java VM: OpenJDK 64-Bit Server VM (25.212-b04 mixed mode windows-amd64 compressed oops)
Heap:
 PSYoungGen      total 216576K, used 192600K [0x00000000e0000000, 0x00000000f0700000, 0x0000000100000000)
  eden space 201216K, 95% used [0x00000000e0000000,0x00000000ebc16040,0x00000000ec480000)
  from space 15360K, 0% used [0x00000000ec480000,0x00000000ec480000,0x00000000ed380000)
  to   space 19968K, 0% used [0x00000000ef380000,0x00000000ef380000,0x00000000f0700000)
 ParOldGen       total 194560K, used 37144K [0x00000000a0000000, 0x00000000abe00000, 0x00000000e0000000)
  object space 194560K, 19% used [0x00000000a0000000,0x00000000a24463e0,0x00000000abe00000)
 Metaspace       used 63087K, capacity 65402K, committed 65752K, reserved 1105920K
  class space    used 8572K, capacity 9080K, committed 9176K, reserved 1048576K
GC Heap History (10 events):
Event: 4.006 GC heap before
{Heap before GC invocations=8 (full 1):
 PSYoungGen      total 128000K, used 70683K [0x00000000e0000000, 0x00000000e8a80000, 0x0000000100000000)
  eden space 117248K, 53% used [0x00000000e0000000,0x00000000e3cd1f50,0x00000000e7280000)
  from space 10752K, 78% used [0x00000000e8000000,0x00000000e8835028,0x00000000e8a80000)
  to   space 12288K, 0% used [0x00000000e7280000,0x00000000e7280000,0x00000000e7e80000)
 ParOldGen       total 84992K, used 7284K [0x00000000a0000000, 0x00000000a5300000, 0x00000000e0000000)
  object space 84992K, 8% used [0x00000000a0000000,0x00000000a071d1c0,0x00000000a5300000)
 Metaspace       used 34560K, capacity 35420K, committed 35456K, reserved 1079296K
  class space    used 4759K, capacity 4973K, committed 4992K, reserved 1048576K
Event: 4.016 GC heap after
Heap after GC invocations=8 (full 1):
 PSYoungGen      total 129536K, used 10296K [0x00000000e0000000, 0x00000000ee280000, 0x0000000100000000)
  eden space 117248K, 0% used [0x00000000e0000000,0x00000000e0000000,0x00000000e7280000)
  from space 12288K, 83% used [0x00000000e7280000,0x00000000e7c8e250,0x00000000e7e80000)
  to   space 12800K, 0% used [0x00000000ed600000,0x00000000ed600000,0x00000000ee280000)
 ParOldGen       total 84992K, used 7292K [0x00000000a0000000, 0x00000000a5300000, 0x00000000e0000000)
  object space 84992K, 8% used [0x00000000a0000000,0x00000000a071f1c0,0x00000000a5300000)
 Metaspace       used 34560K, capacity 35420K, committed 35456K, reserved 1079296K
  class space    used 4759K, capacity 4973K, committed 4992K, reserved 1048576K
}
Event: 4.016 GC heap before
{Heap before GC invocations=9 (full 2):
 PSYoungGen      total 129536K, used 10296K [0x00000000e0000000, 0x00000000ee280000, 0x0000000100000000)
  eden space 117248K, 0% used [0x00000000e0000000,0x00000000e0000000,0x00000000e7280000)
  from space 12288K, 83% used [0x00000000e7280000,0x00000000e7c8e250,0x00000000e7e80000)
  to   space 12800K, 0% used [0x00000000ed600000,0x00000000ed600000,0x00000000ee280000)
 ParOldGen       total 84992K, used 7292K [0x00000000a0000000, 0x00000000a5300000, 0x00000000e0000000)
  object space 84992K, 8% used [0x00000000a0000000,0x00000000a071f1c0,0x00000000a5300000)
 Metaspace       used 34560K, capacity 35420K, committed 35456K, reserved 1079296K
  class space    used 4759K, capacity 4973K, committed 4992K, reserved 1048576K
Event: 4.077 GC heap after
Heap after GC invocations=9 (full 2):
 PSYoungGen      total 129536K, used 0K [0x00000000e0000000, 0x00000000ee280000, 0x0000000100000000)
  eden space 117248K, 0% used [0x00000000e0000000,0x00000000e0000000,0x00000000e7280000)
  from space 12288K, 0% used [0x00000000e7280000,0x00000000e7280000,0x00000000e7e80000)
  to   space 12800K, 0% used [0x00000000ed600000,0x00000000ed600000,0x00000000ee280000)
 ParOldGen       total 128000K, used 16991K [0x00000000a0000000, 0x00000000a7d00000, 0x00000000e0000000)
  object space 128000K, 13% used [0x00000000a0000000,0x00000000a1097f08,0x00000000a7d00000)
 Metaspace       used 34533K, capacity 35330K, committed 35456K, reserved 1079296K
  class space    used 4751K, capacity 4958K, committed 4992K, reserved 1048576K
}
Event: 5.350 GC heap before
{Heap before GC invocations=10 (full 2):
 PSYoungGen      total 129536K, used 117248K [0x00000000e0000000, 0x00000000ee280000, 0x0000000100000000)
  eden space 117248K, 100% used [0x00000000e0000000,0x00000000e7280000,0x00000000e7280000)
  from space 12288K, 0% used [0x00000000e7280000,0x00000000e7280000,0x00000000e7e80000)
  to   space 12800K, 0% used [0x00000000ed600000,0x00000000ed600000,0x00000000ee280000)
 ParOldGen       total 128000K, used 16991K [0x00000000a0000000, 0x00000000a7d00000, 0x00000000e0000000)
  object space 128000K, 13% used [0x00000000a0000000,0x00000000a1097f08,0x00000000a7d00000)
 Metaspace       used 47096K, capacity 48244K, committed 48384K, reserved 1091584K
  class space    used 6292K, capacity 6606K, committed 6656K, reserved 1048576K
Event: 5.361 GC heap after
Heap after GC invocations=10 (full 2):
 PSYoungGen      total 190464K, used 12799K [0x00000000e0000000, 0x00000000ee280000, 0x0000000100000000)
  eden space 177664K, 0% used [0x00000000e0000000,0x00000000e0000000,0x00000000ead80000)
  from space 12800K, 99% used [0x00000000ed600000,0x00000000ee27ff30,0x00000000ee280000)
  to   space 15360K, 0% used [0x00000000ec480000,0x00000000ec480000,0x00000000ed380000)
 ParOldGen       total 128000K, used 19812K [0x00000000a0000000, 0x00000000a7d00000, 0x00000000e0000000)
  object space 128000K, 15% used [0x00000000a0000000,0x00000000a1359178,0x00000000a7d00000)
 Metaspace       used 47096K, capacity 48244K, committed 48384K, reserved 1091584K
  class space    used 6292K, capacity 6606K, committed 6656K, reserved 1048576K
}
Event: 7.193 GC heap before
{Heap before GC invocations=11 (full 2):
 PSYoungGen      total 190464K, used 161145K [0x00000000e0000000, 0x00000000ee280000, 0x0000000100000000)
  eden space 177664K, 83% used [0x00000000e0000000,0x00000000e90de6e8,0x00000000ead80000)
  from space 12800K, 99% used [0x00000000ed600000,0x00000000ee27ff30,0x00000000ee280000)
  to   space 15360K, 0% used [0x00000000ec480000,0x00000000ec480000,0x00000000ed380000)
 ParOldGen       total 128000K, used 19812K [0x00000000a0000000, 0x00000000a7d00000, 0x00000000e0000000)
  object space 128000K, 15% used [0x00000000a0000000,0x00000000a1359178,0x00000000a7d00000)
 Metaspace       used 57109K, capacity 59054K, committed 59096K, reserved 1099776K
  class space    used 7913K, capacity 8368K, committed 8408K, reserved 1048576K
Event: 7.217 GC heap after
Heap after GC invocations=11 (full 2):
 PSYoungGen      total 216576K, used 15357K [0x00000000e0000000, 0x00000000f0700000, 0x0000000100000000)
  eden space 201216K, 0% used [0x00000000e0000000,0x00000000e0000000,0x00000000ec480000)
  from space 15360K, 99% used [0x00000000ec480000,0x00000000ed37f7d0,0x00000000ed380000)
  to   space 19968K, 0% used [0x00000000ef380000,0x00000000ef380000,0x00000000f0700000)
 ParOldGen       total 128000K, used 27777K [0x00000000a0000000, 0x00000000a7d00000, 0x00000000e0000000)
  object space 128000K, 21% used [0x00000000a0000000,0x00000000a1b20638,0x00000000a7d00000)
 Metaspace       used 57109K, capacity 59054K, committed 59096K, reserved 1099776K
  class space    used 7913K, capacity 8368K, committed 8408K, reserved 1048576K
}
Event: 7.217 GC heap before
{Heap before GC invocations=12 (full 3):
 PSYoungGen      total 216576K, used 15357K [0x00000000e0000000, 0x00000000f0700000, 0x0000000100000000)
  eden space 201216K, 0% used [0x00000000e0000000,0x00000000e0000000,0x00000000ec480000)
  from space 15360K, 99% used [0x00000000ec480000,0x00000000ed37f7d0,0x00000000ed380000)
  to   space 19968K, 0% used [0x00000000ef380000,0x00000000ef380000,0x00000000f0700000)
 ParOldGen       total 128000K, used 27777K [0x00000000a0000000, 0x00000000a7d00000, 0x00000000e0000000)
  object space 128000K, 21% used [0x00000000a0000000,0x00000000a1b20638,0x00000000a7d00000)
 Metaspace       used 57109K, capacity 59054K, committed 59096K, reserved 1099776K
  class space    used 7913K, capacity 8368K, committed 8408K, reserved 1048576K
Event: 7.454 GC heap after
Heap after GC invocations=12 (full 3):
 PSYoungGen      total 216576K, used 0K [0x00000000e0000000, 0x00000000f0700000, 0x0000000100000000)
  eden space 201216K, 0% used [0x00000000e0000000,0x00000000e0000000,0x00000000ec480000)
  from space 15360K, 0% used [0x00000000ec480000,0x00000000ec480000,0x00000000ed380000)
  to   space 19968K, 0% used [0x00000000ef380000,0x00000000ef380000,0x00000000f0700000)
 ParOldGen       total 194560K, used 37144K [0x00000000a0000000, 0x00000000abe00000, 0x00000000e0000000)
  object space 194560K, 19% used [0x00000000a0000000,0x00000000a24463e0,0x00000000abe00000)
 Metaspace       used 57023K, capacity 58812K, committed 59096K, reserved 1099776K
  class space    used 7888K, capacity 8323K, committed 8408K, reserved 1048576K
}

