# JRE version: OpenJDK Runtime Environment (8.0_212-b04) (build 1.8.0_212-release-1586-b04)
# Java VM: OpenJDK 64-Bit Server VM (25.212-b04 mixed mode windows-amd64 compressed oops)
Heap:
 PSYoungGen      total 213504K, used 15924K [0x00000000e0000000, 0x00000000ef000000, 0x0000000100000000)
  eden space 198656K, 8% used [0x00000000e0000000,0x00000000e0f8d018,0x00000000ec200000)
  from space 14848K, 0% used [0x00000000ec200000,0x00000000ec200000,0x00000000ed080000)
  to   space 19968K, 0% used [0x00000000edc80000,0x00000000edc80000,0x00000000ef000000)
 ParOldGen       total 135168K, used 37116K [0x00000000a0000000, 0x00000000a8400000, 0x00000000e0000000)
  object space 135168K, 27% used [0x00000000a0000000,0x00000000a243f198,0x00000000a8400000)
 Metaspace       used 57441K, capacity 59860K, committed 60056K, reserved 1101824K
  class space    used 8015K, capacity 8545K, committed 8600K, reserved 1048576K
GC Heap History (10 events):
Event: 3.374 GC heap before
{Heap before GC invocations=8 (full 1):
 PSYoungGen      total 126464K, used 69973K [0x00000000e0000000, 0x00000000e8980000, 0x0000000100000000)
  eden space 116224K, 53% used [0x00000000e0000000,0x00000000e3c296e8,0x00000000e7180000)
  from space 10240K, 81% used [0x00000000e7f80000,0x00000000e87ac060,0x00000000e8980000)
  to   space 12288K, 0% used [0x00000000e7180000,0x00000000e7180000,0x00000000e7d80000)
 ParOldGen       total 85504K, used 7332K [0x00000000a0000000, 0x00000000a5380000, 0x00000000e0000000)
  object space 85504K, 8% used [0x00000000a0000000,0x00000000a0729218,0x00000000a5380000)
 Metaspace       used 34588K, capacity 35472K, committed 35496K, reserved 1079296K
  class space    used 4767K, capacity 5009K, committed 5032K, reserved 1048576K
Event: 3.381 GC heap after
Heap after GC invocations=8 (full 1):
 PSYoungGen      total 128512K, used 10360K [0x00000000e0000000, 0x00000000edf00000, 0x0000000100000000)
  eden space 116224K, 0% used [0x00000000e0000000,0x00000000e0000000,0x00000000e7180000)
  from space 12288K, 84% used [0x00000000e7180000,0x00000000e7b9e0a0,0x00000000e7d80000)
  to   space 12800K, 0% used [0x00000000ed280000,0x00000000ed280000,0x00000000edf00000)
 ParOldGen       total 85504K, used 7340K [0x00000000a0000000, 0x00000000a5380000, 0x00000000e0000000)
  object space 85504K, 8% used [0x00000000a0000000,0x00000000a072b218,0x00000000a5380000)
 Metaspace       used 34588K, capacity 35472K, committed 35496K, reserved 1079296K
  class space    used 4767K, capacity 5009K, committed 5032K, reserved 1048576K
}
Event: 3.381 GC heap before
{Heap before GC invocations=9 (full 2):
 PSYoungGen      total 128512K, used 10360K [0x00000000e0000000, 0x00000000edf00000, 0x0000000100000000)
  eden space 116224K, 0% used [0x00000000e0000000,0x00000000e0000000,0x00000000e7180000)
  from space 12288K, 84% used [0x00000000e7180000,0x00000000e7b9e0a0,0x00000000e7d80000)
  to   space 12800K, 0% used [0x00000000ed280000,0x00000000ed280000,0x00000000edf00000)
 ParOldGen       total 85504K, used 7340K [0x00000000a0000000, 0x00000000a5380000, 0x00000000e0000000)
  object space 85504K, 8% used [0x00000000a0000000,0x00000000a072b218,0x00000000a5380000)
 Metaspace       used 34588K, capacity 35472K, committed 35496K, reserved 1079296K
  class space    used 4767K, capacity 5009K, committed 5032K, reserved 1048576K
Event: 3.467 GC heap after
Heap after GC invocations=9 (full 2):
 PSYoungGen      total 128512K, used 0K [0x00000000e0000000, 0x00000000edf00000, 0x0000000100000000)
  eden space 116224K, 0% used [0x00000000e0000000,0x00000000e0000000,0x00000000e7180000)
  from space 12288K, 0% used [0x00000000e7180000,0x00000000e7180000,0x00000000e7d80000)
  to   space 12800K, 0% used [0x00000000ed280000,0x00000000ed280000,0x00000000edf00000)
 ParOldGen       total 135168K, used 17040K [0x00000000a0000000, 0x00000000a8400000, 0x00000000e0000000)
  object space 135168K, 12% used [0x00000000a0000000,0x00000000a10a4240,0x00000000a8400000)
 Metaspace       used 34559K, capacity 35376K, committed 35496K, reserved 1079296K
  class space    used 4758K, capacity 4993K, committed 5032K, reserved 1048576K
}
Event: 4.429 GC heap before
{Heap before GC invocations=10 (full 2):
 PSYoungGen      total 128512K, used 116224K [0x00000000e0000000, 0x00000000edf00000, 0x0000000100000000)
  eden space 116224K, 100% used [0x00000000e0000000,0x00000000e7180000,0x00000000e7180000)
  from space 12288K, 0% used [0x00000000e7180000,0x00000000e7180000,0x00000000e7d80000)
  to   space 12800K, 0% used [0x00000000ed280000,0x00000000ed280000,0x00000000edf00000)
 ParOldGen       total 135168K, used 17040K [0x00000000a0000000, 0x00000000a8400000, 0x00000000e0000000)
  object space 135168K, 12% used [0x00000000a0000000,0x00000000a10a4240,0x00000000a8400000)
 Metaspace       used 45628K, capacity 46738K, committed 47016K, reserved 1089536K
  class space    used 6129K, capacity 6465K, committed 6568K, reserved 1048576K
Event: 4.439 GC heap after
Heap after GC invocations=10 (full 2):
 PSYoungGen      total 179200K, used 12779K [0x00000000e0000000, 0x00000000edf00000, 0x0000000100000000)
  eden space 166400K, 0% used [0x00000000e0000000,0x00000000e0000000,0x00000000ea280000)
  from space 12800K, 99% used [0x00000000ed280000,0x00000000edefad58,0x00000000edf00000)
  to   space 14848K, 0% used [0x00000000ec200000,0x00000000ec200000,0x00000000ed080000)
 ParOldGen       total 135168K, used 18928K [0x00000000a0000000, 0x00000000a8400000, 0x00000000e0000000)
  object space 135168K, 14% used [0x00000000a0000000,0x00000000a127c0e0,0x00000000a8400000)
 Metaspace       used 45628K, capacity 46738K, committed 47016K, reserved 1089536K
  class space    used 6129K, capacity 6465K, committed 6568K, reserved 1048576K
}
Event: 5.851 GC heap before
{Heap before GC invocations=11 (full 2):
 PSYoungGen      total 179200K, used 158937K [0x00000000e0000000, 0x00000000edf00000, 0x0000000100000000)
  eden space 166400K, 87% used [0x00000000e0000000,0x00000000e8ebb9a8,0x00000000ea280000)
  from space 12800K, 99% used [0x00000000ed280000,0x00000000edefad58,0x00000000edf00000)
  to   space 14848K, 0% used [0x00000000ec200000,0x00000000ec200000,0x00000000ed080000)
 ParOldGen       total 135168K, used 18928K [0x00000000a0000000, 0x00000000a8400000, 0x00000000e0000000)
  object space 135168K, 14% used [0x00000000a0000000,0x00000000a127c0e0,0x00000000a8400000)
 Metaspace       used 56977K, capacity 59008K, committed 59160K, reserved 1099776K
  class space    used 7903K, capacity 8365K, committed 8472K, reserved 1048576K
Event: 5.867 GC heap after
Heap after GC invocations=11 (full 2):
 PSYoungGen      total 213504K, used 14829K [0x00000000e0000000, 0x00000000ef000000, 0x0000000100000000)
  eden space 198656K, 0% used [0x00000000e0000000,0x00000000e0000000,0x00000000ec200000)
  from space 14848K, 99% used [0x00000000ec200000,0x00000000ed07b7b0,0x00000000ed080000)
  to   space 19968K, 0% used [0x00000000edc80000,0x00000000edc80000,0x00000000ef000000)
 ParOldGen       total 135168K, used 27375K [0x00000000a0000000, 0x00000000a8400000, 0x00000000e0000000)
  object space 135168K, 20% used [0x00000000a0000000,0x00000000a1abbc98,0x00000000a8400000)
 Metaspace       used 56977K, capacity 59008K, committed 59160K, reserved 1099776K
  class space    used 7903K, capacity 8365K, committed 8472K, reserved 1048576K
}
Event: 5.867 GC heap before
{Heap before GC invocations=12 (full 3):
 PSYoungGen      total 213504K, used 14829K [0x00000000e0000000, 0x00000000ef000000, 0x0000000100000000)
  eden space 198656K, 0% used [0x00000000e0000000,0x00000000e0000000,0x00000000ec200000)
  from space 14848K, 99% used [0x00000000ec200000,0x00000000ed07b7b0,0x00000000ed080000)
  to   space 19968K, 0% used [0x00000000edc80000,0x00000000edc80000,0x00000000ef000000)
 ParOldGen       total 135168K, used 27375K [0x00000000a0000000, 0x00000000a8400000, 0x00000000e0000000)
  object space 135168K, 20% used [0x00000000a0000000,0x00000000a1abbc98,0x00000000a8400000)
 Metaspace       used 56977K, capacity 59008K, committed 59160K, reserved 1099776K
  class space    used 7903K, capacity 8365K, committed 8472K, reserved 1048576K
Event: 6.077 GC heap after
Heap after GC invocations=12 (full 3):
 PSYoungGen      total 213504K, used 0K [0x00000000e0000000, 0x00000000ef000000, 0x0000000100000000)
  eden space 198656K, 0% used [0x00000000e0000000,0x00000000e0000000,0x00000000ec200000)
  from space 14848K, 0% used [0x00000000ec200000,0x00000000ec200000,0x00000000ed080000)
  to   space 19968K, 0% used [0x00000000edc80000,0x00000000edc80000,0x00000000ef000000)
 ParOldGen       total 135168K, used 37116K [0x00000000a0000000, 0x00000000a8400000, 0x00000000e0000000)
  object space 135168K, 27% used [0x00000000a0000000,0x00000000a243f198,0x00000000a8400000)
 Metaspace       used 56858K, capacity 58676K, committed 59160K, reserved 1099776K
  class space    used 7867K, capacity 8301K, committed 8472K, reserved 1048576K
}

