# JRE version: OpenJDK Runtime Environment (8.0_212-b04) (build 1.8.0_212-release-1586-b04)
# Java VM: OpenJDK 64-Bit Server VM (25.212-b04 mixed mode windows-amd64 compressed oops)
Heap:
 PSYoungGen      total 188928K, used 44187K [0x00000000e0000000, 0x00000000edd00000, 0x0000000100000000)
  eden space 176128K, 17% used [0x00000000e0000000,0x00000000e1ea97e0,0x00000000eac00000)
  from space 12800K, 99% used [0x00000000ed080000,0x00000000edcfd730,0x00000000edd00000)
  to   space 14848K, 0% used [0x00000000ec000000,0x00000000ec000000,0x00000000ece80000)
 ParOldGen       total 128512K, used 45504K [0x00000000a0000000, 0x00000000a7d80000, 0x00000000e0000000)
  object space 128512K, 35% used [0x00000000a0000000,0x00000000a2c70158,0x00000000a7d80000)
 Metaspace       used 63214K, capacity 65658K, committed 65752K, reserved 1105920K
  class space    used 8584K, capacity 9108K, committed 9176K, reserved 1048576K
GC Heap History (10 events):
Event: 3.367 GC heap before
{Heap before GC invocations=9 (full 2):
 PSYoungGen      total 128000K, used 10302K [0x00000000e0000000, 0x00000000edd00000, 0x0000000100000000)
  eden space 115712K, 0% used [0x00000000e0000000,0x00000000e0000000,0x00000000e7100000)
  from space 12288K, 83% used [0x00000000e7100000,0x00000000e7b0fbb0,0x00000000e7d00000)
  to   space 12800K, 0% used [0x00000000ed080000,0x00000000ed080000,0x00000000edd00000)
 ParOldGen       total 86016K, used 7347K [0x00000000a0000000, 0x00000000a5400000, 0x00000000e0000000)
  object space 86016K, 8% used [0x00000000a0000000,0x00000000a072cea0,0x00000000a5400000)
 Metaspace       used 34570K, capacity 35432K, committed 35456K, reserved 1079296K
  class space    used 4755K, capacity 4975K, committed 4992K, reserved 1048576K
Event: 3.421 GC heap after
Heap after GC invocations=9 (full 2):
 PSYoungGen      total 128000K, used 0K [0x00000000e0000000, 0x00000000edd00000, 0x0000000100000000)
  eden space 115712K, 0% used [0x00000000e0000000,0x00000000e0000000,0x00000000e7100000)
  from space 12288K, 0% used [0x00000000e7100000,0x00000000e7100000,0x00000000e7d00000)
  to   space 12800K, 0% used [0x00000000ed080000,0x00000000ed080000,0x00000000edd00000)
 ParOldGen       total 128512K, used 17043K [0x00000000a0000000, 0x00000000a7d80000, 0x00000000e0000000)
  object space 128512K, 13% used [0x00000000a0000000,0x00000000a10a4dd0,0x00000000a7d80000)
 Metaspace       used 34541K, capacity 35336K, committed 35456K, reserved 1079296K
  class space    used 4746K, capacity 4959K, committed 4992K, reserved 1048576K
}
Event: 4.414 GC heap before
{Heap before GC invocations=10 (full 2):
 PSYoungGen      total 128000K, used 115712K [0x00000000e0000000, 0x00000000edd00000, 0x0000000100000000)
  eden space 115712K, 100% used [0x00000000e0000000,0x00000000e7100000,0x00000000e7100000)
  from space 12288K, 0% used [0x00000000e7100000,0x00000000e7100000,0x00000000e7d00000)
  to   space 12800K, 0% used [0x00000000ed080000,0x00000000ed080000,0x00000000edd00000)
 ParOldGen       total 128512K, used 17043K [0x00000000a0000000, 0x00000000a7d80000, 0x00000000e0000000)
  object space 128512K, 13% used [0x00000000a0000000,0x00000000a10a4dd0,0x00000000a7d80000)
 Metaspace       used 46978K, capacity 48116K, committed 48384K, reserved 1091584K
  class space    used 6260K, capacity 6562K, committed 6656K, reserved 1048576K
Event: 4.425 GC heap after
Heap after GC invocations=10 (full 2):
 PSYoungGen      total 188928K, used 12797K [0x00000000e0000000, 0x00000000edd00000, 0x0000000100000000)
  eden space 176128K, 0% used [0x00000000e0000000,0x00000000e0000000,0x00000000eac00000)
  from space 12800K, 99% used [0x00000000ed080000,0x00000000edcff6c0,0x00000000edd00000)
  to   space 14848K, 0% used [0x00000000ec000000,0x00000000ec000000,0x00000000ece80000)
 ParOldGen       total 128512K, used 19527K [0x00000000a0000000, 0x00000000a7d80000, 0x00000000e0000000)
  object space 128512K, 15% used [0x00000000a0000000,0x00000000a1311cf8,0x00000000a7d80000)
 Metaspace       used 46978K, capacity 48116K, committed 48384K, reserved 1091584K
  class space    used 6260K, capacity 6562K, committed 6656K, reserved 1048576K
}
Event: 5.729 GC heap before
{Heap before GC invocations=11 (full 2):
 PSYoungGen      total 188928K, used 161889K [0x00000000e0000000, 0x00000000edd00000, 0x0000000100000000)
  eden space 176128K, 84% used [0x00000000e0000000,0x00000000e9198fe8,0x00000000eac00000)
  from space 12800K, 99% used [0x00000000ed080000,0x00000000edcff6c0,0x00000000edd00000)
  to   space 14848K, 0% used [0x00000000ec000000,0x00000000ec000000,0x00000000ece80000)
 ParOldGen       total 128512K, used 19527K [0x00000000a0000000, 0x00000000a7d80000, 0x00000000e0000000)
  object space 128512K, 15% used [0x00000000a0000000,0x00000000a1311cf8,0x00000000a7d80000)
 Metaspace       used 57063K, capacity 59086K, committed 59096K, reserved 1099776K
  class space    used 7920K, capacity 8398K, committed 8408K, reserved 1048576K
Event: 5.745 GC heap after
Heap after GC invocations=11 (full 2):
 PSYoungGen      total 190976K, used 14845K [0x00000000e0000000, 0x00000000edd00000, 0x0000000100000000)
  eden space 176128K, 0% used [0x00000000e0000000,0x00000000e0000000,0x00000000eac00000)
  from space 14848K, 99% used [0x00000000ec000000,0x00000000ece7f7c0,0x00000000ece80000)
  to   space 12800K, 0% used [0x00000000ed080000,0x00000000ed080000,0x00000000edd00000)
 ParOldGen       total 128512K, used 27995K [0x00000000a0000000, 0x00000000a7d80000, 0x00000000e0000000)
  object space 128512K, 21% used [0x00000000a0000000,0x00000000a1b56da8,0x00000000a7d80000)
 Metaspace       used 57063K, capacity 59086K, committed 59096K, reserved 1099776K
  class space    used 7920K, capacity 8398K, committed 8408K, reserved 1048576K
}
Event: 5.745 GC heap before
{Heap before GC invocations=12 (full 3):
 PSYoungGen      total 190976K, used 14845K [0x00000000e0000000, 0x00000000edd00000, 0x0000000100000000)
  eden space 176128K, 0% used [0x00000000e0000000,0x00000000e0000000,0x00000000eac00000)
  from space 14848K, 99% used [0x00000000ec000000,0x00000000ece7f7c0,0x00000000ece80000)
  to   space 12800K, 0% used [0x00000000ed080000,0x00000000ed080000,0x00000000edd00000)
 ParOldGen       total 128512K, used 27995K [0x00000000a0000000, 0x00000000a7d80000, 0x00000000e0000000)
  object space 128512K, 21% used [0x00000000a0000000,0x00000000a1b56da8,0x00000000a7d80000)
 Metaspace       used 57063K, capacity 59086K, committed 59096K, reserved 1099776K
  class space    used 7920K, capacity 8398K, committed 8408K, reserved 1048576K
Event: 5.946 GC heap after
Heap after GC invocations=12 (full 3):
 PSYoungGen      total 190976K, used 0K [0x00000000e0000000, 0x00000000edd00000, 0x0000000100000000)
  eden space 176128K, 0% used [0x00000000e0000000,0x00000000e0000000,0x00000000eac00000)
  from space 14848K, 0% used [0x00000000ec000000,0x00000000ec000000,0x00000000ece80000)
  to   space 12800K, 0% used [0x00000000ed080000,0x00000000ed080000,0x00000000edd00000)
 ParOldGen       total 128512K, used 37138K [0x00000000a0000000, 0x00000000a7d80000, 0x00000000e0000000)
  object space 128512K, 28% used [0x00000000a0000000,0x00000000a2444a88,0x00000000a7d80000)
 Metaspace       used 56911K, capacity 58702K, committed 59096K, reserved 1099776K
  class space    used 7871K, capacity 8310K, committed 8408K, reserved 1048576K
}
Event: 7.428 GC heap before
{Heap before GC invocations=13 (full 3):
 PSYoungGen      total 190976K, used 176128K [0x00000000e0000000, 0x00000000edd00000, 0x0000000100000000)
  eden space 176128K, 100% used [0x00000000e0000000,0x00000000eac00000,0x00000000eac00000)
  from space 14848K, 0% used [0x00000000ec000000,0x00000000ec000000,0x00000000ece80000)
  to   space 12800K, 0% used [0x00000000ed080000,0x00000000ed080000,0x00000000edd00000)
 ParOldGen       total 128512K, used 37138K [0x00000000a0000000, 0x00000000a7d80000, 0x00000000e0000000)
  object space 128512K, 28% used [0x00000000a0000000,0x00000000a2444a88,0x00000000a7d80000)
 Metaspace       used 62760K, capacity 65164K, committed 65496K, reserved 1105920K
  class space    used 8544K, capacity 9063K, committed 9176K, reserved 1048576K
Event: 7.443 GC heap after
Heap after GC invocations=13 (full 3):
 PSYoungGen      total 188928K, used 12789K [0x00000000e0000000, 0x00000000edd00000, 0x0000000100000000)
  eden space 176128K, 0% used [0x00000000e0000000,0x00000000e0000000,0x00000000eac00000)
  from space 12800K, 99% used [0x00000000ed080000,0x00000000edcfd730,0x00000000edd00000)
  to   space 14848K, 0% used [0x00000000ec000000,0x00000000ec000000,0x00000000ece80000)
 ParOldGen       total 128512K, used 45504K [0x00000000a0000000, 0x00000000a7d80000, 0x00000000e0000000)
  object space 128512K, 35% used [0x00000000a0000000,0x00000000a2c70158,0x00000000a7d80000)
 Metaspace       used 62760K, capacity 65164K, committed 65496K, reserved 1105920K
  class space    used 8544K, capacity 9063K, committed 9176K, reserved 1048576K
}

